2019-04-16 14:33:05,352 [Worker-3] INFO  o.e.m.c.i.p.ProjectConfigurationManager - Collecting project info '/pom.xml' C:\jenkinsproject\MavenProject\pom.xml
2019-04-16 14:33:07,782 [Worker-3] INFO  o.e.m.c.i.l.LifecycleMappingFactory - Using org.maven.ide.eclipse.wtp.WarLifecycleMapping lifecycle mapping for MavenProject: MavenGroup:MavenProject:0.0.1-SNAPSHOT @ C:\jenkinsproject\MavenProject\pom.xml.
2019-04-16 14:33:09,045 [Worker-3] INFO  o.e.m.j.i.AbstractJavaProjectConfigurator - Adding source folder /MavenProject/src/main/java
2019-04-16 14:33:09,045 [Worker-3] INFO  o.e.m.j.i.AbstractJavaProjectConfigurator - Adding resource folder /MavenProject/src/main/resources
2019-04-16 14:33:09,046 [Worker-3] INFO  o.e.m.j.i.AbstractJavaProjectConfigurator - Adding source folder /MavenProject/src/test/java
2019-04-16 14:33:13,130 [Worker-3] INFO  o.e.m.c.i.p.ProjectConfigurationManager - Imported and configured 1 project(s) in 7 sec
2019-04-16 14:33:13,659 [Worker-7] WARN  o.e.m.c.i.embedder.EclipseLogger - Using platform encoding (Cp1252 actually) to copy filtered resources, i.e. build is platform dependent!
2019-04-16 14:33:13,667 [Worker-7] INFO  o.e.m.c.i.embedder.EclipseLogger - Copying 0 resource
2019-04-16 14:33:13,670 [Worker-7] WARN  o.e.m.c.i.embedder.EclipseLogger - Using platform encoding (Cp1252 actually) to copy filtered resources, i.e. build is platform dependent!
2019-04-16 14:33:13,672 [Worker-7] INFO  o.e.m.c.i.embedder.EclipseLogger - skip non existing resourceDirectory C:\jenkinsproject\MavenProject\src\test\resources
2019-04-16 14:33:15,246 [Worker-0] WARN  o.e.m.c.i.embedder.EclipseLogger - Using platform encoding (Cp1252 actually) to copy filtered resources, i.e. build is platform dependent!
2019-04-16 14:33:15,249 [Worker-0] INFO  o.e.m.c.i.embedder.EclipseLogger - Copying 0 resource
2019-04-16 14:33:15,250 [Worker-0] WARN  o.e.m.c.i.embedder.EclipseLogger - Using platform encoding (Cp1252 actually) to copy filtered resources, i.e. build is platform dependent!
2019-04-16 14:33:15,252 [Worker-0] INFO  o.e.m.c.i.embedder.EclipseLogger - skip non existing resourceDirectory C:\jenkinsproject\MavenProject\src\test\resources
2019-04-16 14:34:35,270 [Worker-5] WARN  o.e.m.c.i.embedder.EclipseLogger - Using platform encoding (Cp1252 actually) to copy filtered resources, i.e. build is platform dependent!
2019-04-16 14:34:35,272 [Worker-5] INFO  o.e.m.c.i.embedder.EclipseLogger - Copying 0 resource
2019-04-16 14:34:35,275 [Worker-5] WARN  o.e.m.c.i.embedder.EclipseLogger - Using platform encoding (Cp1252 actually) to copy filtered resources, i.e. build is platform dependent!
2019-04-16 14:34:35,276 [Worker-5] INFO  o.e.m.c.i.embedder.EclipseLogger - skip non existing resourceDirectory C:\jenkinsproject\MavenProject\src\test\resources
2019-04-16 14:35:17,908 [Worker-8] WARN  o.e.m.c.i.embedder.EclipseLogger - Using platform encoding (Cp1252 actually) to copy filtered resources, i.e. build is platform dependent!
2019-04-16 14:35:17,940 [Worker-8] INFO  o.e.m.c.i.embedder.EclipseLogger - Copying 0 resource
2019-04-16 14:35:17,942 [Worker-8] WARN  o.e.m.c.i.embedder.EclipseLogger - Using platform encoding (Cp1252 actually) to copy filtered resources, i.e. build is platform dependent!
2019-04-16 14:35:17,943 [Worker-8] INFO  o.e.m.c.i.embedder.EclipseLogger - skip non existing resourceDirectory C:\jenkinsproject\MavenProject\src\test\resources
2019-04-16 14:35:31,560 [Worker-10] WARN  o.e.m.c.i.embedder.EclipseLogger - Using platform encoding (Cp1252 actually) to copy filtered resources, i.e. build is platform dependent!
2019-04-16 14:35:31,562 [Worker-10] INFO  o.e.m.c.i.embedder.EclipseLogger - Copying 0 resource
2019-04-16 14:35:31,565 [Worker-10] WARN  o.e.m.c.i.embedder.EclipseLogger - Using platform encoding (Cp1252 actually) to copy filtered resources, i.e. build is platform dependent!
2019-04-16 14:35:31,567 [Worker-10] INFO  o.e.m.c.i.embedder.EclipseLogger - skip non existing resourceDirectory C:\jenkinsproject\MavenProject\src\test\resources
2019-04-16 14:35:32,666 [Worker-3] WARN  o.e.m.c.i.embedder.EclipseLogger - Using platform encoding (Cp1252 actually) to copy filtered resources, i.e. build is platform dependent!
2019-04-16 14:35:32,668 [Worker-3] INFO  o.e.m.c.i.embedder.EclipseLogger - Copying 0 resource
2019-04-16 14:35:32,670 [Worker-3] WARN  o.e.m.c.i.embedder.EclipseLogger - Using platform encoding (Cp1252 actually) to copy filtered resources, i.e. build is platform dependent!
2019-04-16 14:35:32,671 [Worker-3] INFO  o.e.m.c.i.embedder.EclipseLogger - skip non existing resourceDirectory C:\jenkinsproject\MavenProject\src\test\resources
2019-04-16 14:35:44,466 [Worker-8] WARN  o.e.m.c.i.embedder.EclipseLogger - Using platform encoding (Cp1252 actually) to copy filtered resources, i.e. build is platform dependent!
2019-04-16 14:35:44,468 [Worker-8] INFO  o.e.m.c.i.embedder.EclipseLogger - Copying 0 resource
2019-04-16 14:35:44,469 [Worker-8] WARN  o.e.m.c.i.embedder.EclipseLogger - Using platform encoding (Cp1252 actually) to copy filtered resources, i.e. build is platform dependent!
2019-04-16 14:35:44,470 [Worker-8] INFO  o.e.m.c.i.embedder.EclipseLogger - skip non existing resourceDirectory C:\jenkinsproject\MavenProject\src\test\resources
2019-04-16 14:35:58,462 [Worker-7] WARN  o.e.m.c.i.embedder.EclipseLogger - Using platform encoding (Cp1252 actually) to copy filtered resources, i.e. build is platform dependent!
2019-04-16 14:35:58,464 [Worker-7] INFO  o.e.m.c.i.embedder.EclipseLogger - Copying 0 resource
2019-04-16 14:35:58,467 [Worker-7] WARN  o.e.m.c.i.embedder.EclipseLogger - Using platform encoding (Cp1252 actually) to copy filtered resources, i.e. build is platform dependent!
2019-04-16 14:35:58,468 [Worker-7] INFO  o.e.m.c.i.embedder.EclipseLogger - skip non existing resourceDirectory C:\jenkinsproject\MavenProject\src\test\resources
2019-04-16 14:36:16,053 [Worker-8] WARN  o.e.m.c.i.embedder.EclipseLogger - Using platform encoding (Cp1252 actually) to copy filtered resources, i.e. build is platform dependent!
2019-04-16 14:36:16,055 [Worker-8] INFO  o.e.m.c.i.embedder.EclipseLogger - Copying 0 resource
2019-04-16 14:36:16,056 [Worker-8] WARN  o.e.m.c.i.embedder.EclipseLogger - Using platform encoding (Cp1252 actually) to copy filtered resources, i.e. build is platform dependent!
2019-04-16 14:36:16,056 [Worker-8] INFO  o.e.m.c.i.embedder.EclipseLogger - skip non existing resourceDirectory C:\jenkinsproject\MavenProject\src\test\resources
2019-04-16 14:36:27,397 [main] INFO  o.e.m2e.actions.ExecutePomAction - Creating new launch configuration
2019-04-16 14:36:41,668 [Worker-8] INFO  o.e.m.i.launch.MavenLaunchDelegate - C:\jenkinsproject\MavenProject
2019-04-16 14:36:41,669 [Worker-8] INFO  o.e.m.i.launch.MavenLaunchDelegate -  mvn -B clean
2019-04-16 14:36:44,390 [Worker-9] WARN  o.e.m.c.i.embedder.EclipseLogger - Using platform encoding (Cp1252 actually) to copy filtered resources, i.e. build is platform dependent!
2019-04-16 14:36:44,398 [Worker-9] INFO  o.e.m.c.i.embedder.EclipseLogger - Copying 0 resource
2019-04-16 14:36:44,402 [Worker-9] WARN  o.e.m.c.i.embedder.EclipseLogger - Using platform encoding (Cp1252 actually) to copy filtered resources, i.e. build is platform dependent!
2019-04-16 14:36:44,406 [Worker-9] INFO  o.e.m.c.i.embedder.EclipseLogger - skip non existing resourceDirectory C:\jenkinsproject\MavenProject\src\test\resources
2019-04-16 14:36:44,406 [Worker-9] INFO  o.e.m.w.i.f.ResourceFilteringBuildParticipant - Changed resources require a complete clean of filtered resources of MavenProject
2019-04-16 14:36:44,423 [Worker-9] INFO  o.e.m.w.i.f.ResourceFilteringBuildParticipant - Executing resource filtering for MavenProject
2019-04-16 14:36:44,463 [Worker-9] WARN  o.e.m.c.i.embedder.EclipseLogger - Using platform encoding (Cp1252 actually) to copy filtered resources, i.e. build is platform dependent!
2019-04-16 14:37:03,571 [main] INFO  o.e.m2e.actions.ExecutePomAction - Creating new launch configuration
2019-04-16 14:37:27,757 [Worker-10] INFO  o.e.m.i.launch.MavenLaunchDelegate - C:\jenkinsproject\MavenProject
2019-04-16 14:37:27,757 [Worker-10] INFO  o.e.m.i.launch.MavenLaunchDelegate -  mvn -B compile test
2019-04-16 14:38:07,235 [Worker-4] WARN  o.e.m.c.i.embedder.EclipseLogger - Using platform encoding (Cp1252 actually) to copy filtered resources, i.e. build is platform dependent!
2019-04-16 14:38:07,242 [Worker-4] INFO  o.e.m.c.i.embedder.EclipseLogger - Copying 0 resource
2019-04-16 14:38:07,245 [Worker-4] WARN  o.e.m.c.i.embedder.EclipseLogger - Using platform encoding (Cp1252 actually) to copy filtered resources, i.e. build is platform dependent!
2019-04-16 14:38:07,249 [Worker-4] INFO  o.e.m.c.i.embedder.EclipseLogger - skip non existing resourceDirectory C:\jenkinsproject\MavenProject\src\test\resources
2019-04-16 14:38:15,979 [Worker-5] INFO  o.e.m.i.launch.MavenLaunchDelegate - C:\jenkinsproject\MavenProject
2019-04-16 14:38:15,980 [Worker-5] INFO  o.e.m.i.launch.MavenLaunchDelegate -  mvn -B install
2019-04-16 14:38:21,279 [Worker-6] WARN  o.e.m.c.i.embedder.EclipseLogger - Using platform encoding (Cp1252 actually) to copy filtered resources, i.e. build is platform dependent!
2019-04-16 14:38:21,292 [Worker-6] INFO  o.e.m.c.i.embedder.EclipseLogger - Copying 0 resource
2019-04-16 14:38:21,297 [Worker-6] WARN  o.e.m.c.i.embedder.EclipseLogger - Using platform encoding (Cp1252 actually) to copy filtered resources, i.e. build is platform dependent!
2019-04-16 14:38:21,301 [Worker-6] INFO  o.e.m.c.i.embedder.EclipseLogger - skip non existing resourceDirectory C:\jenkinsproject\MavenProject\src\test\resources
